C:\Program Files (x86)\MSBuild\Microsoft.Cpp\v4.0\V140\Microsoft.CppBuild.targets(392,5): warning MSB8028: The intermediate directory (obj\Release\) contains files shared from another project (OSC_MIDI_OSC copy.vcxproj).  This can lead to incorrect clean and rebuild behavior.
  main.cpp
  ofApp.cpp
  ofxRtMidiIn.cpp
  ofxRtMidiOut.cpp
  ofxBaseMidi.cpp
  ofxMidi.cpp
  ofxMidiIn.cpp
  ofxMidiMessage.cpp
  ofxMidiOut.cpp
  RtMidi.cpp
  ofxOscBundle.cpp
  ofxOscMessage.cpp
  ofxOscParameterSync.cpp
  ofxOscReceiver.cpp
  ofxOscSender.cpp
  IpEndpointName.cpp
..\..\..\addons\ofxOsc\libs\oscpack\src\ip\IpEndpointName.cpp(54): warning C4996: 'sprintf': This function or variable may be unsafe. Consider using sprintf_s instead. To disable deprecation, use _CRT_SECURE_NO_WARNINGS. See online help for details.
  C:\Program Files (x86)\Windows Kits\10\Include\10.0.10240.0\ucrt\stdio.h(1769): note: see declaration of 'sprintf'
..\..\..\addons\ofxOsc\libs\oscpack\src\ip\IpEndpointName.cpp(56): warning C4996: 'sprintf': This function or variable may be unsafe. Consider using sprintf_s instead. To disable deprecation, use _CRT_SECURE_NO_WARNINGS. See online help for details.
  C:\Program Files (x86)\Windows Kits\10\Include\10.0.10240.0\ucrt\stdio.h(1769): note: see declaration of 'sprintf'
..\..\..\addons\ofxOsc\libs\oscpack\src\ip\IpEndpointName.cpp(69): warning C4996: 'sprintf': This function or variable may be unsafe. Consider using sprintf_s instead. To disable deprecation, use _CRT_SECURE_NO_WARNINGS. See online help for details.
  C:\Program Files (x86)\Windows Kits\10\Include\10.0.10240.0\ucrt\stdio.h(1769): note: see declaration of 'sprintf'
..\..\..\addons\ofxOsc\libs\oscpack\src\ip\IpEndpointName.cpp(71): warning C4996: 'sprintf': This function or variable may be unsafe. Consider using sprintf_s instead. To disable deprecation, use _CRT_SECURE_NO_WARNINGS. See online help for details.
  C:\Program Files (x86)\Windows Kits\10\Include\10.0.10240.0\ucrt\stdio.h(1769): note: see declaration of 'sprintf'
..\..\..\addons\ofxOsc\libs\oscpack\src\ip\IpEndpointName.cpp(79): warning C4996: 'sprintf': This function or variable may be unsafe. Consider using sprintf_s instead. To disable deprecation, use _CRT_SECURE_NO_WARNINGS. See online help for details.
  C:\Program Files (x86)\Windows Kits\10\Include\10.0.10240.0\ucrt\stdio.h(1769): note: see declaration of 'sprintf'
..\..\..\addons\ofxOsc\libs\oscpack\src\ip\IpEndpointName.cpp(81): warning C4996: 'sprintf': This function or variable may be unsafe. Consider using sprintf_s instead. To disable deprecation, use _CRT_SECURE_NO_WARNINGS. See online help for details.
  C:\Program Files (x86)\Windows Kits\10\Include\10.0.10240.0\ucrt\stdio.h(1769): note: see declaration of 'sprintf'
  NetworkingUtils.cpp
  UdpSocket.cpp
  OscOutboundPacketStream.cpp
..\..\..\addons\ofxOsc\libs\oscpack\src\osc\OscOutboundPacketStream.cpp(363): warning C4996: 'strcpy': This function or variable may be unsafe. Consider using strcpy_s instead. To disable deprecation, use _CRT_SECURE_NO_WARNINGS. See online help for details.
  C:\Program Files (x86)\Windows Kits\10\Include\10.0.10240.0\ucrt\string.h(119): note: see declaration of 'strcpy'
..\..\..\addons\ofxOsc\libs\oscpack\src\osc\OscOutboundPacketStream.cpp(605): warning C4996: 'strcpy': This function or variable may be unsafe. Consider using strcpy_s instead. To disable deprecation, use _CRT_SECURE_NO_WARNINGS. See online help for details.
  C:\Program Files (x86)\Windows Kits\10\Include\10.0.10240.0\ucrt\string.h(119): note: see declaration of 'strcpy'
..\..\..\addons\ofxOsc\libs\oscpack\src\osc\OscOutboundPacketStream.cpp(625): warning C4996: 'strcpy': This function or variable may be unsafe. Consider using strcpy_s instead. To disable deprecation, use _CRT_SECURE_NO_WARNINGS. See online help for details.
  C:\Program Files (x86)\Windows Kits\10\Include\10.0.10240.0\ucrt\string.h(119): note: see declaration of 'strcpy'
..\..\..\addons\ofxOsc\libs\oscpack\src\ip\win32\NetworkingUtils.cpp(88): warning C4996: 'gethostbyname': Use getaddrinfo() or GetAddrInfoW() instead or define _WINSOCK_DEPRECATED_NO_WARNINGS to disable deprecated API warnings
  C:\Program Files (x86)\Windows Kits\8.1\Include\um\winsock2.h(2238): note: see declaration of 'gethostbyname'
  OscPrintReceivedElements.cpp
  OscReceivedElements.cpp
  OscTypes.cpp
  ofxXmlSettings.cpp
..\..\..\addons\ofxOsc\libs\oscpack\src\osc\OscPrintReceivedElements.cpp(129): warning C4996: 'ctime': This function or variable may be unsafe. Consider using ctime_s instead. To disable deprecation, use _CRT_SECURE_NO_WARNINGS. See online help for details.
  C:\Program Files (x86)\Windows Kits\10\Include\10.0.10240.0\ucrt\time.h(475): note: see declaration of 'ctime'
  tinyxml.cpp
  tinyxmlerror.cpp
  tinyxmlparser.cpp
     Creating library bin\OSC_MIDI_OSC.lib and object bin\OSC_MIDI_OSC.exp
  LINK : /LTCG specified but no code generation required; remove /LTCG from the link command line to improve linker performance
  OSC_MIDI_OSC.vcxproj -> D:\Users\Fred\Dropbox\Code\OF_GIT\openFrameworks\apps\Windows_Apps\OSC_MIDI_OSC\bin\OSC_MIDI_OSC.exe
  
  	                   9	D:\Users\Fred\Dropbox\Code\OF_GIT\openFrameworks\export\vs\Win32\
  	  *EXTRA File 		 1503232	D:\Users\Fred\Dropbox\Code\OF_GIT\openFrameworks\apps\Windows_Apps\OSC_MIDI_OSC\bin\fmodex64.dll
  	  *EXTRA File 		 1552384	D:\Users\Fred\Dropbox\Code\OF_GIT\openFrameworks\apps\Windows_Apps\OSC_MIDI_OSC\bin\fmodexL64.dll
  	    Changed   		 2939392	D:\Users\Fred\Dropbox\Code\OF_GIT\openFrameworks\export\vs\Win32\assimp.dll
  	    New File  		 1266176	D:\Users\Fred\Dropbox\Code\OF_GIT\openFrameworks\export\vs\Win32\fmodex.dll
  	    New File  		 1312768	D:\Users\Fred\Dropbox\Code\OF_GIT\openFrameworks\export\vs\Win32\fmodexL.dll
  	    Changed   		 5647872	D:\Users\Fred\Dropbox\Code\OF_GIT\openFrameworks\export\vs\Win32\FreeImage.dll
  	    Changed   		  580608	D:\Users\Fred\Dropbox\Code\OF_GIT\openFrameworks\export\vs\Win32\freetype.dll
  	    Changed   		  237568	D:\Users\Fred\Dropbox\Code\OF_GIT\openFrameworks\export\vs\Win32\glut32.dll
  	    Changed   		 1178624	D:\Users\Fred\Dropbox\Code\OF_GIT\openFrameworks\export\vs\Win32\libeay32.dll
  	    Changed   		  269824	D:\Users\Fred\Dropbox\Code\OF_GIT\openFrameworks\export\vs\Win32\ssleay32.dll
  	    Changed   		   69632	D:\Users\Fred\Dropbox\Code\OF_GIT\openFrameworks\export\vs\Win32\Zlib.dll
